#
# There is insufficient memory for the Java Runtime Environment to continue.
# Native memory allocation (mmap) failed to map 132120576 bytes for G1 virtual space
# Possible reasons:
#   The system is out of physical RAM or swap space
#   The process is running with CompressedOops enabled, and the Java Heap may be blocking the growth of the native heap
# Possible solutions:
#   Reduce memory load on the system
#   Increase physical memory or swap space
#   Check if swap backing store is full
#   Decrease Java heap size (-Xmx/-Xms)
#   Decrease number of Java threads
#   Decrease Java thread stack sizes (-Xss)
#   Set larger code cache with -XX:ReservedCodeCacheSize=
#   JVM is running with Unscaled Compressed Oops mode in which the Java heap is
#     placed in the first 4GB address space. The Java Heap base address is the
#     maximum limit for the native heap growth. Please use -XX:HeapBaseMinAddress
#     to set the Java Heap base and to place the Java Heap above 4GB virtual address.
# This output file may be truncated or incomplete.
#
#  Out of Memory Error (os_windows.cpp:3469), pid=2372, tid=11660
#
# JRE version:  (17.0+35) (build )
# Java VM: Java HotSpot(TM) 64-Bit Server VM (17+35-LTS-2724, mixed mode, sharing, tiered, compressed oops, compressed class ptrs, g1 gc, windows-amd64)
# No core dump will be written. Minidumps are not enabled by default on client versions of Windows
#

---------------  S U M M A R Y ------------

Command Line: -Dfile.encoding=Cp1252 -XX:+ShowCodeDetailsInExceptionMessages Lista3.Exercicio1

Host: Intel(R) Core(TM) i5-8250U CPU @ 1.60GHz, 8 cores, 7G,  Windows 10 , 64 bit Build 19041 (10.0.19041.1202)
Time: Tue Oct  5 15:55:05 2021 Hora oficial do Brasil elapsed time: 0.016275 seconds (0d 0h 0m 0s)

---------------  T H R E A D  ---------------

Current thread (0x0000015930aad8e0):  JavaThread "Unknown thread" [_thread_in_vm, id=11660, stack(0x0000001ac8000000,0x0000001ac8100000)]

Stack: [0x0000001ac8000000,0x0000001ac8100000]
Native frames: (J=compiled Java code, j=interpreted, Vv=VM code, C=native code)
V  [jvm.dll+0x66f8ea]
V  [jvm.dll+0x7ce224]
V  [jvm.dll+0x7cf9ce]
V  [jvm.dll+0x7d0033]
V  [jvm.dll+0x242bb5]
V  [jvm.dll+0x66c909]
V  [jvm.dll+0x6613d2]
V  [jvm.dll+0x30082b]
V  [jvm.dll+0x307db6]
V  [jvm.dll+0x357a0e]
V  [jvm.dll+0x357c3f]
V  [jvm.dll+0x2d7ae8]
V  [jvm.dll+0x2d8a54]
V  [jvm.dll+0x7a00a1]
V  [jvm.dll+0x365781]
V  [jvm.dll+0x77f59c]
V  [jvm.dll+0x3e805f]
V  [jvm.dll+0x3e9b01]
C  [jli.dll+0x527b]
C  [ucrtbase.dll+0x21bb2]
C  [KERNEL32.DLL+0x17034]
C  [ntdll.dll+0x52651]


---------------  P R O C E S S  ---------------

Threads class SMR info:
_java_thread_list=0x00007ffb291a7818, length=0, elements={
}

Java Threads: ( => current thread )

Other Threads:
  0x0000015930aedf50 GCTaskThread "GC Thread#0" [stack: 0x0000001ac8100000,0x0000001ac8200000] [id=7676]
  0x0000015930aff1f0 ConcurrentGCThread "G1 Main Marker" [stack: 0x0000001ac8200000,0x0000001ac8300000] [id=3448]
  0x0000015930affc00 ConcurrentGCThread "G1 Conc#0" [stack: 0x0000001ac8300000,0x0000001ac8400000] [id=8764]

[error occurred during error reporting (printing all threads), id 0xc0000005, EXCEPTION_ACCESS_VIOLATION (0xc0000005) at pc=0x00007ffb289f84c7]

VM state: not at safepoint (not fully initialized)

VM Mutex/Monitor currently owned by a thread:  ([mutex/lock_event])
[0x0000015930aa9010] Heap_lock - owner thread: 0x0000015930aad8e0

Heap address: 0x0000000082200000, size: 2014 MB, Compressed Oops mode: 32-bit

CDS archive(s) mapped at: [0x0000000000000000-0x0000000000000000-0x0000000000000000), size 0, SharedBaseAddress: 0x0000000800000000, ArchiveRelocationMode: 0.
Narrow klass base: 0x0000000000000000, Narrow klass shift: 0, Narrow klass range: 0x0

GC Precious Log:
<Empty>

Heap:
 garbage-first heap   total 0K, used 0K [0x0000000082200000, 0x0000000100000000)
  region size 1024K, 0 young (0K), 0 survivors (0K)

[error occurred during error reporting (printing heap information), id 0xc0000005, EXCEPTION_ACCESS_VIOLATION (0xc0000005) at pc=0x00007ffb28dd8c59]

GC Heap History (0 events):
No events

Deoptimization events (0 events):
No events

Classes unloaded (0 events):
No events

Classes redefined (0 events):
No events

Internal exceptions (0 events):
No events

VM Operations (0 events):
No events

Events (1 events):
Event: 0.008 Loaded shared library C:\Program Files\Java\jdk-17\bin\java.dll


Dynamic libraries:
0x00007ff6ea0a0000 - 0x00007ff6ea0b0000 	C:\Program Files\Java\jdk-17\bin\javaw.exe
0x00007ffb76bf0000 - 0x00007ffb76de5000 	C:\Windows\SYSTEM32\ntdll.dll
0x00007ffb76270000 - 0x00007ffb7632e000 	C:\Windows\System32\KERNEL32.DLL
0x00007ffb74580000 - 0x00007ffb74849000 	C:\Windows\System32\KERNELBASE.dll
0x00007ffb749b0000 - 0x00007ffb74ab0000 	C:\Windows\System32\ucrtbase.dll
0x00007ffb69230000 - 0x00007ffb6924a000 	C:\Program Files\Java\jdk-17\bin\VCRUNTIME140.dll
0x00007ffb694c0000 - 0x00007ffb694d8000 	C:\Program Files\Java\jdk-17\bin\jli.dll
0x00007ffb76360000 - 0x00007ffb7640c000 	C:\Windows\System32\ADVAPI32.dll
0x00007ffb75a80000 - 0x00007ffb75b1e000 	C:\Windows\System32\msvcrt.dll
0x00007ffb74c40000 - 0x00007ffb74cdb000 	C:\Windows\System32\sechost.dll
0x00007ffb767a0000 - 0x00007ffb768ca000 	C:\Windows\System32\RPCRT4.dll
0x00007ffb754c0000 - 0x00007ffb75661000 	C:\Windows\System32\USER32.dll
0x00007ffb5ea00000 - 0x00007ffb5ec9a000 	C:\Windows\WinSxS\amd64_microsoft.windows.common-controls_6595b64144ccf1df_6.0.19041.1110_none_60b5254171f9507e\COMCTL32.dll
0x00007ffb74980000 - 0x00007ffb749a2000 	C:\Windows\System32\win32u.dll
0x00007ffb75670000 - 0x00007ffb7569b000 	C:\Windows\System32\GDI32.dll
0x00007ffb74310000 - 0x00007ffb7441b000 	C:\Windows\System32\gdi32full.dll
0x00007ffb748e0000 - 0x00007ffb7497d000 	C:\Windows\System32\msvcp_win.dll
0x00007ffb68ff0000 - 0x00007ffb68ffa000 	C:\Windows\SYSTEM32\VERSION.dll
0x00007ffb76330000 - 0x00007ffb76360000 	C:\Windows\System32\IMM32.DLL
0x00007ffb6b4c0000 - 0x00007ffb6b4cc000 	C:\Program Files\Java\jdk-17\bin\vcruntime140_1.dll
0x00007ffb3dbe0000 - 0x00007ffb3dc6d000 	C:\Program Files\Java\jdk-17\bin\msvcp140.dll
0x00007ffb28710000 - 0x00007ffb292ce000 	C:\Program Files\Java\jdk-17\bin\server\jvm.dll
0x00007ffb75b20000 - 0x00007ffb75b28000 	C:\Windows\System32\PSAPI.DLL
0x00007ffb5b580000 - 0x00007ffb5b589000 	C:\Windows\SYSTEM32\WSOCK32.dll
0x00007ffb5cac0000 - 0x00007ffb5cae7000 	C:\Windows\SYSTEM32\WINMM.dll
0x00007ffb76b40000 - 0x00007ffb76bab000 	C:\Windows\System32\WS2_32.dll
0x00007ffb72bc0000 - 0x00007ffb72bd2000 	C:\Windows\SYSTEM32\kernel.appcore.dll
0x00007ffb6ba10000 - 0x00007ffb6ba1a000 	C:\Program Files\Java\jdk-17\bin\jimage.dll
0x00007ffb6ef70000 - 0x00007ffb6f154000 	C:\Windows\SYSTEM32\DBGHELP.DLL
0x00007ffb5b490000 - 0x00007ffb5b4bc000 	C:\Windows\SYSTEM32\dbgcore.DLL
0x00007ffb74850000 - 0x00007ffb748d3000 	C:\Windows\System32\bcryptPrimitives.dll
0x00007ffb69430000 - 0x00007ffb69455000 	C:\Program Files\Java\jdk-17\bin\java.dll

dbghelp: loaded successfully - version: 4.0.5 - missing functions: none
symbol engine: initialized successfully - sym options: 0x614 - pdb path: .;C:\Program Files\Java\jdk-17\bin;C:\Windows\SYSTEM32;C:\Windows\WinSxS\amd64_microsoft.windows.common-controls_6595b64144ccf1df_6.0.19041.1110_none_60b5254171f9507e;C:\Program Files\Java\jdk-17\bin\server

VM Arguments:
jvm_args: -Dfile.encoding=Cp1252 -XX:+ShowCodeDetailsInExceptionMessages 
java_command: Lista3.Exercicio1
java_class_path (initial): C:\Users\usuario\GitGen\GitGen\Java\bin
Launcher Type: SUN_STANDARD

[Global flags]
     intx CICompilerCount                          = 4                                         {product} {ergonomic}
     uint ConcGCThreads                            = 2                                         {product} {ergonomic}
     uint G1ConcRefinementThreads                  = 8                                         {product} {ergonomic}
   size_t G1HeapRegionSize                         = 1048576                                   {product} {ergonomic}
    uintx GCDrainStackTargetSize                   = 64                                        {product} {ergonomic}
   size_t InitialHeapSize                          = 132120576                                 {product} {ergonomic}
   size_t MarkStackSize                            = 4194304                                   {product} {ergonomic}
   size_t MaxHeapSize                              = 2111832064                                {product} {ergonomic}
   size_t MinHeapDeltaBytes                        = 1048576                                   {product} {ergonomic}
   size_t MinHeapSize                              = 8388608                                   {product} {ergonomic}
    uintx NonNMethodCodeHeapSize                   = 5839372                                {pd product} {ergonomic}
    uintx NonProfiledCodeHeapSize                  = 122909434                              {pd product} {ergonomic}
    uintx ProfiledCodeHeapSize                     = 122909434                              {pd product} {ergonomic}
    uintx ReservedCodeCacheSize                    = 251658240                              {pd product} {ergonomic}
     bool SegmentedCodeCache                       = true                                      {product} {ergonomic}
     bool ShowCodeDetailsInExceptionMessages       = true                                   {manageable} {command line}
   size_t SoftMaxHeapSize                          = 2111832064                             {manageable} {ergonomic}
     bool UseCompressedClassPointers               = true                           {product lp64_product} {ergonomic}
     bool UseCompressedOops                        = true                           {product lp64_product} {ergonomic}
     bool UseG1GC                                  = true                                      {product} {ergonomic}
     bool UseLargePagesIndividualAllocation        = false                                  {pd product} {ergonomic}

Logging:
Log output configuration:
 #0: stdout all=warning uptime,level,tags
 #1: stderr all=off uptime,level,tags

Environment Variables:
JAVA_HOME=C:\Program Files\Java\jdk-17
PATH=C:/Program Files/Java/jdk-17/bin/server;C:/Program Files/Java/jdk-17/bin;C:\Program Files\Java\jdk-17\bin;C:\Program Files\Common Files\Oracle\Java\javapath;C:\Program Files\Java\jdk-17;C:\Windows\system32;C:\Windows;C:\Windows\System32\Wbem;C:\Windows\System32\WindowsPowerShell\v1.0\;C:\Windows\System32\OpenSSH\;C:\Program Files (x86)\Intel\Intel(R) Management Engine Components\DAL;C:\Program Files\Intel\Intel(R) Management Engine Components\DAL;C:\Program Files\Git\cmd;C:\Program Files\MySQL\MySQL Shell 8.0\bin\;C:\Users\usuario\AppData\Local\Microsoft\WindowsApps;C:\Users\usuario\AppData\Local\GitHubDesktop\bin;C:\Windows\System32;
USERNAME=usuario
OS=Windows_NT
PROCESSOR_IDENTIFIER=Intel64 Family 6 Model 142 Stepping 10, GenuineIntel



---------------  S Y S T E M  ---------------

OS:
 Windows 10 , 64 bit Build 19041 (10.0.19041.1202)
OS uptime: 6 days 23:17 hours

CPU: total 8 (initial active 8) (4 cores per cpu, 2 threads per core) family 6 model 142 stepping 10 microcode 0xe0, cx8, cmov, fxsr, ht, mmx, 3dnowpref, sse, sse2, sse3, ssse3, sse4.1, sse4.2, popcnt, lzcnt, tsc, tscinvbit, avx, avx2, aes, erms, clmul, bmi1, bmi2, adx, fma, vzeroupper, clflush, clflushopt

Memory: 4k page, system-wide physical 8050M (3473M free)
TotalPageFile size 12146M (AvailPageFile size 17M)
current process WorkingSet (physical memory assigned to process): 10M, peak: 10M
current process commit charge ("private bytes"): 60M, peak: 186M

vm_info: Java HotSpot(TM) 64-Bit Server VM (17+35-LTS-2724) for windows-amd64 JRE (17+35-LTS-2724), built on Aug  5 2021 23:28:28 by "mach5one" with MS VC++ 16.8 (VS2019)

END.
